<?xml version="1.0" encoding="UTF-8"?>
<testsuite name="is.ru.tictactoe.Move_test" tests="1" skipped="0" failures="0" errors="0" timestamp="2014-11-01T11:41:58" hostname="i-f9b44f70" time="0.002">
  <properties/>
  <testcase name="insertMoveTest" classname="is.ru.tictactoe.Move_test" time="0.002"/>
  <system-out><![CDATA[]]></system-out>
  <system-err><![CDATA[]]></system-err>
</testsuite>
