<?xml version="1.0" encoding="UTF-8"?>
<testsuite name="is.ru.tictactoe.tictactoe_test" tests="2" skipped="0" failures="0" errors="0" timestamp="2014-10-31T14:04:22" hostname="i-f9b44f70" time="0.006">
  <properties/>
  <testcase name="numberTest" classname="is.ru.tictactoe.tictactoe_test" time="0.004"/>
  <testcase name="layoutTest" classname="is.ru.tictactoe.tictactoe_test" time="0.0"/>
  <system-out><![CDATA[]]></system-out>
  <system-err><![CDATA[]]></system-err>
</testsuite>
