<?xml version="1.0" encoding="UTF-8"?>
<testsuite name="is.ru.tictactoe.Move_test" tests="1" skipped="0" failures="0" errors="0" timestamp="2014-10-31T16:05:21" hostname="i-f9b44f70" time="0.004">
  <properties/>
  <testcase name="insertMoveTest" classname="is.ru.tictactoe.Move_test" time="0.004"/>
  <system-out><![CDATA[]]></system-out>
  <system-err><![CDATA[]]></system-err>
</testsuite>
