<?xml version="1.0" encoding="UTF-8"?>
<testsuite name="is.ru.tictactoe.Move_test" tests="2" skipped="0" failures="0" errors="0" timestamp="2014-11-01T18:04:53" hostname="i-f9b44f70" time="0.004">
  <properties/>
  <testcase name="validMoveTest" classname="is.ru.tictactoe.Move_test" time="0.001"/>
  <testcase name="insertMoveTest" classname="is.ru.tictactoe.Move_test" time="0.002"/>
  <system-out><![CDATA[Not a valid move
]]></system-out>
  <system-err><![CDATA[]]></system-err>
</testsuite>
