<?xml version="1.0" encoding="UTF-8"?>
<testsuite name="is.ru.tictactoe.Board_test" tests="7" skipped="0" failures="0" errors="0" timestamp="2014-11-01T11:24:33" hostname="i-f9b44f70" time="0.02">
  <properties/>
  <testcase name="hasWonLose2" classname="is.ru.tictactoe.Board_test" time="0.004"/>
  <testcase name="isFullFullBoardTest" classname="is.ru.tictactoe.Board_test" time="0.001"/>
  <testcase name="hasWonLose" classname="is.ru.tictactoe.Board_test" time="0.0"/>
  <testcase name="hasWonWin1" classname="is.ru.tictactoe.Board_test" time="0.001"/>
  <testcase name="hasWonWin2" classname="is.ru.tictactoe.Board_test" time="0.0"/>
  <testcase name="isFullEmptyBoardTest" classname="is.ru.tictactoe.Board_test" time="0.001"/>
  <testcase name="isFullNotEmptyNotFullTest" classname="is.ru.tictactoe.Board_test" time="0.0"/>
  <system-out><![CDATA[]]></system-out>
  <system-err><![CDATA[]]></system-err>
</testsuite>
